<?xml version="1.0" encoding="UTF-8"?>
<testng-results ignored="0" total="0" passed="0" failed="0" skipped="0">
  <reporter-output>
  </reporter-output>
  <suite started-at="2025-01-29T19:54:18 EST" name="testRunners.TestRunner" finished-at="2025-01-29T19:54:18 EST" duration-ms="43">
    <groups>
    </groups>
    <test started-at="2025-01-29T19:54:18 EST" name="Command line test" finished-at="2025-01-29T19:54:18 EST" duration-ms="43">
    </test> <!-- Command line test -->
  </suite> <!-- testRunners.TestRunner -->
</testng-results>
