<?xml version="1.0" encoding="UTF-8"?>
<testng-results ignored="0" total="8" passed="8" failed="0" skipped="0">
  <reporter-output>
  </reporter-output>
  <suite started-at="2025-01-31T21:02:08 EST" name="Default suite" finished-at="2025-01-31T21:02:51 EST" duration-ms="43077">
    <groups>
      <group name="cucumber">
        <method signature="AbstractTestNGCucumberTests.runScenario(io.cucumber.testng.PickleWrapper,io.cucumber.testng.FeatureWrapper)[pri:0, instance:testRunners.TestRunner@7bf3a5d8]" name="runScenario" class="io.cucumber.testng.AbstractTestNGCucumberTests"/>
      </group> <!-- cucumber -->
    </groups>
    <test started-at="2025-01-31T21:02:08 EST" name="Default test" finished-at="2025-01-31T21:02:51 EST" duration-ms="43077">
      <class name="testRunners.TestRunner">
        <test-method is-config="true" signature="setUpClass(org.testng.ITestContext)[pri:0, instance:testRunners.TestRunner@7bf3a5d8]" started-at="2025-01-31T21:02:08 EST" name="setUpClass" finished-at="2025-01-31T21:02:09 EST" duration-ms="1267" status="PASS">
          <params>
            <param index="0">
              <value>
                <![CDATA[org.testng.TestRunner@707f4647]]>
              </value>
            </param>
          </params>
          <reporter-output>
          </reporter-output>
        </test-method> <!-- setUpClass -->
        <test-method is-config="true" signature="setup(java.lang.String)[pri:0, instance:testRunners.TestRunner@7bf3a5d8]" started-at="2025-01-31T21:02:09 EST" name="setup" finished-at="2025-01-31T21:02:12 EST" duration-ms="3088" status="PASS">
          <params>
            <param index="0">
              <value>
                <![CDATA[chrome]]>
              </value>
            </param>
          </params>
          <reporter-output>
          </reporter-output>
        </test-method> <!-- setup -->
        <test-method signature="runScenario(io.cucumber.testng.PickleWrapper,io.cucumber.testng.FeatureWrapper)[pri:0, instance:testRunners.TestRunner@7bf3a5d8]" started-at="2025-01-31T21:02:12 EST" name="runScenario" description="Runs Cucumber Scenarios" data-provider="scenarios" finished-at="2025-01-31T21:02:17 EST" duration-ms="4401" status="PASS">
          <params>
            <param index="0">
              <value>
                <![CDATA["Verify that user is able to land on the Login Page"]]>
              </value>
            </param>
            <param index="1">
              <value>
                <![CDATA["Sign in"]]>
              </value>
            </param>
          </params>
          <reporter-output>
          </reporter-output>
        </test-method> <!-- runScenario -->
        <test-method signature="runScenario(io.cucumber.testng.PickleWrapper,io.cucumber.testng.FeatureWrapper)[pri:0, instance:testRunners.TestRunner@7bf3a5d8]" started-at="2025-01-31T21:02:17 EST" name="runScenario" description="Runs Cucumber Scenarios" data-provider="scenarios" finished-at="2025-01-31T21:02:23 EST" duration-ms="6417" status="PASS">
          <params>
            <param index="0">
              <value>
                <![CDATA["Login scenario with different sets of data"]]>
              </value>
            </param>
            <param index="1">
              <value>
                <![CDATA["Sign in"]]>
              </value>
            </param>
          </params>
          <reporter-output>
          </reporter-output>
        </test-method> <!-- runScenario -->
        <test-method signature="runScenario(io.cucumber.testng.PickleWrapper,io.cucumber.testng.FeatureWrapper)[pri:0, instance:testRunners.TestRunner@7bf3a5d8]" started-at="2025-01-31T21:02:23 EST" name="runScenario" description="Runs Cucumber Scenarios" data-provider="scenarios" finished-at="2025-01-31T21:02:29 EST" duration-ms="6052" status="PASS">
          <params>
            <param index="0">
              <value>
                <![CDATA["Login scenario with different sets of data"]]>
              </value>
            </param>
            <param index="1">
              <value>
                <![CDATA["Sign in"]]>
              </value>
            </param>
          </params>
          <reporter-output>
          </reporter-output>
        </test-method> <!-- runScenario -->
        <test-method signature="runScenario(io.cucumber.testng.PickleWrapper,io.cucumber.testng.FeatureWrapper)[pri:0, instance:testRunners.TestRunner@7bf3a5d8]" started-at="2025-01-31T21:02:29 EST" name="runScenario" description="Runs Cucumber Scenarios" data-provider="scenarios" finished-at="2025-01-31T21:02:34 EST" duration-ms="4946" status="PASS">
          <params>
            <param index="0">
              <value>
                <![CDATA["Login scenario with different sets of data"]]>
              </value>
            </param>
            <param index="1">
              <value>
                <![CDATA["Sign in"]]>
              </value>
            </param>
          </params>
          <reporter-output>
          </reporter-output>
        </test-method> <!-- runScenario -->
        <test-method signature="runScenario(io.cucumber.testng.PickleWrapper,io.cucumber.testng.FeatureWrapper)[pri:0, instance:testRunners.TestRunner@7bf3a5d8]" started-at="2025-01-31T21:02:34 EST" name="runScenario" description="Runs Cucumber Scenarios" data-provider="scenarios" finished-at="2025-01-31T21:02:39 EST" duration-ms="4870" status="PASS">
          <params>
            <param index="0">
              <value>
                <![CDATA["Login scenario with different sets of data"]]>
              </value>
            </param>
            <param index="1">
              <value>
                <![CDATA["Sign in"]]>
              </value>
            </param>
          </params>
          <reporter-output>
          </reporter-output>
        </test-method> <!-- runScenario -->
        <test-method signature="runScenario(io.cucumber.testng.PickleWrapper,io.cucumber.testng.FeatureWrapper)[pri:0, instance:testRunners.TestRunner@7bf3a5d8]" started-at="2025-01-31T21:02:39 EST" name="runScenario" description="Runs Cucumber Scenarios" data-provider="scenarios" finished-at="2025-01-31T21:02:44 EST" duration-ms="5088" status="PASS">
          <params>
            <param index="0">
              <value>
                <![CDATA["Login scenario with different sets of data"]]>
              </value>
            </param>
            <param index="1">
              <value>
                <![CDATA["Sign in"]]>
              </value>
            </param>
          </params>
          <reporter-output>
          </reporter-output>
        </test-method> <!-- runScenario -->
        <test-method signature="runScenario(io.cucumber.testng.PickleWrapper,io.cucumber.testng.FeatureWrapper)[pri:0, instance:testRunners.TestRunner@7bf3a5d8]" started-at="2025-01-31T21:02:44 EST" name="runScenario" description="Runs Cucumber Scenarios" data-provider="scenarios" finished-at="2025-01-31T21:02:49 EST" duration-ms="4764" status="PASS">
          <params>
            <param index="0">
              <value>
                <![CDATA["Login scenario with different sets of data"]]>
              </value>
            </param>
            <param index="1">
              <value>
                <![CDATA["Sign in"]]>
              </value>
            </param>
          </params>
          <reporter-output>
          </reporter-output>
        </test-method> <!-- runScenario -->
        <test-method signature="runScenario(io.cucumber.testng.PickleWrapper,io.cucumber.testng.FeatureWrapper)[pri:0, instance:testRunners.TestRunner@7bf3a5d8]" started-at="2025-01-31T21:02:49 EST" name="runScenario" description="Runs Cucumber Scenarios" data-provider="scenarios" finished-at="2025-01-31T21:02:51 EST" duration-ms="1980" status="PASS">
          <params>
            <param index="0">
              <value>
                <![CDATA[""]]>
              </value>
            </param>
            <param index="1">
              <value>
                <![CDATA["Sign in"]]>
              </value>
            </param>
          </params>
          <reporter-output>
          </reporter-output>
        </test-method> <!-- runScenario -->
        <test-method is-config="true" signature="tearDownClass()[pri:0, instance:testRunners.TestRunner@7bf3a5d8]" started-at="2025-01-31T21:02:51 EST" name="tearDownClass" finished-at="2025-01-31T21:02:51 EST" duration-ms="27" status="PASS">
          <reporter-output>
          </reporter-output>
        </test-method> <!-- tearDownClass -->
      </class> <!-- testRunners.TestRunner -->
    </test> <!-- Default test -->
  </suite> <!-- Default suite -->
</testng-results>
