<?xml version="1.0" encoding="UTF-8"?>
<testng-results ignored="0" total="61" passed="61" failed="0" skipped="0">
  <reporter-output>
  </reporter-output>
  <suite started-at="2025-02-03T19:34:29 CST" name="Default suite" finished-at="2025-02-03T19:35:59 CST" duration-ms="90367">
    <groups>
      <group name="cucumber">
        <method signature="AbstractTestNGCucumberTests.runScenario(io.cucumber.testng.PickleWrapper,io.cucumber.testng.FeatureWrapper)[pri:0, instance:testRunners.TestRunner@42e25b0b]" name="runScenario" class="io.cucumber.testng.AbstractTestNGCucumberTests"/>
      </group> <!-- cucumber -->
    </groups>
    <test started-at="2025-02-03T19:34:29 CST" name="Default test" finished-at="2025-02-03T19:35:59 CST" duration-ms="90367">
      <class name="testRunners.TestRunner">
        <test-method is-config="true" signature="setUpClass(org.testng.ITestContext)[pri:0, instance:testRunners.TestRunner@42e25b0b]" started-at="2025-02-03T19:34:29 CST" name="setUpClass" finished-at="2025-02-03T19:34:30 CST" duration-ms="942" status="PASS">
          <params>
            <param index="0">
              <value>
                <![CDATA[org.testng.TestRunner@1253b822]]>
              </value>
            </param>
          </params>
          <reporter-output>
          </reporter-output>
        </test-method> <!-- setUpClass -->
        <test-method is-config="true" signature="setup(java.lang.String)[pri:0, instance:testRunners.TestRunner@42e25b0b]" started-at="2025-02-03T19:34:30 CST" name="setup" finished-at="2025-02-03T19:34:33 CST" duration-ms="3353" status="PASS">
          <params>
            <param index="0">
              <value>
                <![CDATA[chrome]]>
              </value>
            </param>
          </params>
          <reporter-output>
          </reporter-output>
        </test-method> <!-- setup -->
        <test-method signature="runScenario(io.cucumber.testng.PickleWrapper,io.cucumber.testng.FeatureWrapper)[pri:0, instance:testRunners.TestRunner@42e25b0b]" started-at="2025-02-03T19:34:33 CST" name="runScenario" description="Runs Cucumber Scenarios" data-provider="scenarios" finished-at="2025-02-03T19:34:34 CST" duration-ms="985" status="PASS">
          <params>
            <param index="0">
              <value>
                <![CDATA["Verify that user is able to open the DSAlgo web application"]]>
              </value>
            </param>
            <param index="1">
              <value>
                <![CDATA["DS Algo Home Page"]]>
              </value>
            </param>
          </params>
          <reporter-output>
          </reporter-output>
        </test-method> <!-- runScenario -->
        <test-method signature="runScenario(io.cucumber.testng.PickleWrapper,io.cucumber.testng.FeatureWrapper)[pri:0, instance:testRunners.TestRunner@42e25b0b]" started-at="2025-02-03T19:34:34 CST" name="runScenario" description="Runs Cucumber Scenarios" data-provider="scenarios" finished-at="2025-02-03T19:34:35 CST" duration-ms="1396" status="PASS">
          <params>
            <param index="0">
              <value>
                <![CDATA["Verify that user is able to open the DSAlgo web application"]]>
              </value>
            </param>
            <param index="1">
              <value>
                <![CDATA["DS Algo Home Page"]]>
              </value>
            </param>
          </params>
          <reporter-output>
          </reporter-output>
        </test-method> <!-- runScenario -->
        <test-method signature="runScenario(io.cucumber.testng.PickleWrapper,io.cucumber.testng.FeatureWrapper)[pri:0, instance:testRunners.TestRunner@42e25b0b]" started-at="2025-02-03T19:34:35 CST" name="runScenario" description="Runs Cucumber Scenarios" data-provider="scenarios" finished-at="2025-02-03T19:34:37 CST" duration-ms="1745" status="PASS">
          <params>
            <param index="0">
              <value>
                <![CDATA["Verify the Home page for a user without Sign in"]]>
              </value>
            </param>
            <param index="1">
              <value>
                <![CDATA["DS Algo Home Page"]]>
              </value>
            </param>
          </params>
          <reporter-output>
          </reporter-output>
        </test-method> <!-- runScenario -->
        <test-method signature="runScenario(io.cucumber.testng.PickleWrapper,io.cucumber.testng.FeatureWrapper)[pri:0, instance:testRunners.TestRunner@42e25b0b]" started-at="2025-02-03T19:34:37 CST" name="runScenario" description="Runs Cucumber Scenarios" data-provider="scenarios" finished-at="2025-02-03T19:34:39 CST" duration-ms="1562" status="PASS">
          <params>
            <param index="0">
              <value>
                <![CDATA["Verify the Home page for a user without Sign in"]]>
              </value>
            </param>
            <param index="1">
              <value>
                <![CDATA["DS Algo Home Page"]]>
              </value>
            </param>
          </params>
          <reporter-output>
          </reporter-output>
        </test-method> <!-- runScenario -->
        <test-method signature="runScenario(io.cucumber.testng.PickleWrapper,io.cucumber.testng.FeatureWrapper)[pri:0, instance:testRunners.TestRunner@42e25b0b]" started-at="2025-02-03T19:34:39 CST" name="runScenario" description="Runs Cucumber Scenarios" data-provider="scenarios" finished-at="2025-02-03T19:34:40 CST" duration-ms="1638" status="PASS">
          <params>
            <param index="0">
              <value>
                <![CDATA["Verify the Home page for a user without Sign in"]]>
              </value>
            </param>
            <param index="1">
              <value>
                <![CDATA["DS Algo Home Page"]]>
              </value>
            </param>
          </params>
          <reporter-output>
          </reporter-output>
        </test-method> <!-- runScenario -->
        <test-method signature="runScenario(io.cucumber.testng.PickleWrapper,io.cucumber.testng.FeatureWrapper)[pri:0, instance:testRunners.TestRunner@42e25b0b]" started-at="2025-02-03T19:34:40 CST" name="runScenario" description="Runs Cucumber Scenarios" data-provider="scenarios" finished-at="2025-02-03T19:34:42 CST" duration-ms="1287" status="PASS">
          <params>
            <param index="0">
              <value>
                <![CDATA["Verify the Home page for a user without Sign in"]]>
              </value>
            </param>
            <param index="1">
              <value>
                <![CDATA["DS Algo Home Page"]]>
              </value>
            </param>
          </params>
          <reporter-output>
          </reporter-output>
        </test-method> <!-- runScenario -->
        <test-method signature="runScenario(io.cucumber.testng.PickleWrapper,io.cucumber.testng.FeatureWrapper)[pri:0, instance:testRunners.TestRunner@42e25b0b]" started-at="2025-02-03T19:34:42 CST" name="runScenario" description="Runs Cucumber Scenarios" data-provider="scenarios" finished-at="2025-02-03T19:34:43 CST" duration-ms="1423" status="PASS">
          <params>
            <param index="0">
              <value>
                <![CDATA["Verify the Home page for a user without Sign in"]]>
              </value>
            </param>
            <param index="1">
              <value>
                <![CDATA["DS Algo Home Page"]]>
              </value>
            </param>
          </params>
          <reporter-output>
          </reporter-output>
        </test-method> <!-- runScenario -->
        <test-method signature="runScenario(io.cucumber.testng.PickleWrapper,io.cucumber.testng.FeatureWrapper)[pri:0, instance:testRunners.TestRunner@42e25b0b]" started-at="2025-02-03T19:34:43 CST" name="runScenario" description="Runs Cucumber Scenarios" data-provider="scenarios" finished-at="2025-02-03T19:34:44 CST" duration-ms="1362" status="PASS">
          <params>
            <param index="0">
              <value>
                <![CDATA["Verify the Home page for a user without Sign in"]]>
              </value>
            </param>
            <param index="1">
              <value>
                <![CDATA["DS Algo Home Page"]]>
              </value>
            </param>
          </params>
          <reporter-output>
          </reporter-output>
        </test-method> <!-- runScenario -->
        <test-method signature="runScenario(io.cucumber.testng.PickleWrapper,io.cucumber.testng.FeatureWrapper)[pri:0, instance:testRunners.TestRunner@42e25b0b]" started-at="2025-02-03T19:34:44 CST" name="runScenario" description="Runs Cucumber Scenarios" data-provider="scenarios" finished-at="2025-02-03T19:34:46 CST" duration-ms="1180" status="PASS">
          <params>
            <param index="0">
              <value>
                <![CDATA["Verify the Home page for a user without Sign in"]]>
              </value>
            </param>
            <param index="1">
              <value>
                <![CDATA["DS Algo Home Page"]]>
              </value>
            </param>
          </params>
          <reporter-output>
          </reporter-output>
        </test-method> <!-- runScenario -->
        <test-method signature="runScenario(io.cucumber.testng.PickleWrapper,io.cucumber.testng.FeatureWrapper)[pri:0, instance:testRunners.TestRunner@42e25b0b]" started-at="2025-02-03T19:34:46 CST" name="runScenario" description="Runs Cucumber Scenarios" data-provider="scenarios" finished-at="2025-02-03T19:34:47 CST" duration-ms="1332" status="PASS">
          <params>
            <param index="0">
              <value>
                <![CDATA["Verify the Home page for a user without Sign in"]]>
              </value>
            </param>
            <param index="1">
              <value>
                <![CDATA["DS Algo Home Page"]]>
              </value>
            </param>
          </params>
          <reporter-output>
          </reporter-output>
        </test-method> <!-- runScenario -->
        <test-method signature="runScenario(io.cucumber.testng.PickleWrapper,io.cucumber.testng.FeatureWrapper)[pri:0, instance:testRunners.TestRunner@42e25b0b]" started-at="2025-02-03T19:34:47 CST" name="runScenario" description="Runs Cucumber Scenarios" data-provider="scenarios" finished-at="2025-02-03T19:34:48 CST" duration-ms="1226" status="PASS">
          <params>
            <param index="0">
              <value>
                <![CDATA["Verify the Home page for a user without Sign in"]]>
              </value>
            </param>
            <param index="1">
              <value>
                <![CDATA["DS Algo Home Page"]]>
              </value>
            </param>
          </params>
          <reporter-output>
          </reporter-output>
        </test-method> <!-- runScenario -->
        <test-method signature="runScenario(io.cucumber.testng.PickleWrapper,io.cucumber.testng.FeatureWrapper)[pri:0, instance:testRunners.TestRunner@42e25b0b]" started-at="2025-02-03T19:34:48 CST" name="runScenario" description="Runs Cucumber Scenarios" data-provider="scenarios" finished-at="2025-02-03T19:34:49 CST" duration-ms="1100" status="PASS">
          <params>
            <param index="0">
              <value>
                <![CDATA["Verify the Home page for a user without Sign in"]]>
              </value>
            </param>
            <param index="1">
              <value>
                <![CDATA["DS Algo Home Page"]]>
              </value>
            </param>
          </params>
          <reporter-output>
          </reporter-output>
        </test-method> <!-- runScenario -->
        <test-method signature="runScenario(io.cucumber.testng.PickleWrapper,io.cucumber.testng.FeatureWrapper)[pri:0, instance:testRunners.TestRunner@42e25b0b]" started-at="2025-02-03T19:34:49 CST" name="runScenario" description="Runs Cucumber Scenarios" data-provider="scenarios" finished-at="2025-02-03T19:34:50 CST" duration-ms="1069" status="PASS">
          <params>
            <param index="0">
              <value>
                <![CDATA["Verify the Home page for a user without Sign in"]]>
              </value>
            </param>
            <param index="1">
              <value>
                <![CDATA["DS Algo Home Page"]]>
              </value>
            </param>
          </params>
          <reporter-output>
          </reporter-output>
        </test-method> <!-- runScenario -->
        <test-method signature="runScenario(io.cucumber.testng.PickleWrapper,io.cucumber.testng.FeatureWrapper)[pri:0, instance:testRunners.TestRunner@42e25b0b]" started-at="2025-02-03T19:34:50 CST" name="runScenario" description="Runs Cucumber Scenarios" data-provider="scenarios" finished-at="2025-02-03T19:34:52 CST" duration-ms="1235" status="PASS">
          <params>
            <param index="0">
              <value>
                <![CDATA["Verify the Home page for a user without Sign in"]]>
              </value>
            </param>
            <param index="1">
              <value>
                <![CDATA["DS Algo Home Page"]]>
              </value>
            </param>
          </params>
          <reporter-output>
          </reporter-output>
        </test-method> <!-- runScenario -->
        <test-method signature="runScenario(io.cucumber.testng.PickleWrapper,io.cucumber.testng.FeatureWrapper)[pri:0, instance:testRunners.TestRunner@42e25b0b]" started-at="2025-02-03T19:34:52 CST" name="runScenario" description="Runs Cucumber Scenarios" data-provider="scenarios" finished-at="2025-02-03T19:34:53 CST" duration-ms="1262" status="PASS">
          <params>
            <param index="0">
              <value>
                <![CDATA["Verify the Home page for a user without Sign in"]]>
              </value>
            </param>
            <param index="1">
              <value>
                <![CDATA["DS Algo Home Page"]]>
              </value>
            </param>
          </params>
          <reporter-output>
          </reporter-output>
        </test-method> <!-- runScenario -->
        <test-method signature="runScenario(io.cucumber.testng.PickleWrapper,io.cucumber.testng.FeatureWrapper)[pri:0, instance:testRunners.TestRunner@42e25b0b]" started-at="2025-02-03T19:34:53 CST" name="runScenario" description="Runs Cucumber Scenarios" data-provider="scenarios" finished-at="2025-02-03T19:34:55 CST" duration-ms="1829" status="PASS">
          <params>
            <param index="0">
              <value>
                <![CDATA["Verify that user is able to land on the Login Page"]]>
              </value>
            </param>
            <param index="1">
              <value>
                <![CDATA["Sign in"]]>
              </value>
            </param>
          </params>
          <reporter-output>
          </reporter-output>
        </test-method> <!-- runScenario -->
        <test-method signature="runScenario(io.cucumber.testng.PickleWrapper,io.cucumber.testng.FeatureWrapper)[pri:0, instance:testRunners.TestRunner@42e25b0b]" started-at="2025-02-03T19:34:55 CST" name="runScenario" description="Runs Cucumber Scenarios" data-provider="scenarios" finished-at="2025-02-03T19:34:59 CST" duration-ms="4764" status="PASS">
          <params>
            <param index="0">
              <value>
                <![CDATA["Login scenario with different sets of data"]]>
              </value>
            </param>
            <param index="1">
              <value>
                <![CDATA["Sign in"]]>
              </value>
            </param>
          </params>
          <reporter-output>
          </reporter-output>
        </test-method> <!-- runScenario -->
        <test-method signature="runScenario(io.cucumber.testng.PickleWrapper,io.cucumber.testng.FeatureWrapper)[pri:0, instance:testRunners.TestRunner@42e25b0b]" started-at="2025-02-03T19:34:59 CST" name="runScenario" description="Runs Cucumber Scenarios" data-provider="scenarios" finished-at="2025-02-03T19:35:02 CST" duration-ms="2192" status="PASS">
          <params>
            <param index="0">
              <value>
                <![CDATA["Login scenario with different sets of data"]]>
              </value>
            </param>
            <param index="1">
              <value>
                <![CDATA["Sign in"]]>
              </value>
            </param>
          </params>
          <reporter-output>
          </reporter-output>
        </test-method> <!-- runScenario -->
        <test-method signature="runScenario(io.cucumber.testng.PickleWrapper,io.cucumber.testng.FeatureWrapper)[pri:0, instance:testRunners.TestRunner@42e25b0b]" started-at="2025-02-03T19:35:02 CST" name="runScenario" description="Runs Cucumber Scenarios" data-provider="scenarios" finished-at="2025-02-03T19:35:04 CST" duration-ms="2455" status="PASS">
          <params>
            <param index="0">
              <value>
                <![CDATA["Login scenario with different sets of data"]]>
              </value>
            </param>
            <param index="1">
              <value>
                <![CDATA["Sign in"]]>
              </value>
            </param>
          </params>
          <reporter-output>
          </reporter-output>
        </test-method> <!-- runScenario -->
        <test-method signature="runScenario(io.cucumber.testng.PickleWrapper,io.cucumber.testng.FeatureWrapper)[pri:0, instance:testRunners.TestRunner@42e25b0b]" started-at="2025-02-03T19:35:04 CST" name="runScenario" description="Runs Cucumber Scenarios" data-provider="scenarios" finished-at="2025-02-03T19:35:07 CST" duration-ms="2772" status="PASS">
          <params>
            <param index="0">
              <value>
                <![CDATA["Login scenario with different sets of data"]]>
              </value>
            </param>
            <param index="1">
              <value>
                <![CDATA["Sign in"]]>
              </value>
            </param>
          </params>
          <reporter-output>
          </reporter-output>
        </test-method> <!-- runScenario -->
        <test-method signature="runScenario(io.cucumber.testng.PickleWrapper,io.cucumber.testng.FeatureWrapper)[pri:0, instance:testRunners.TestRunner@42e25b0b]" started-at="2025-02-03T19:35:07 CST" name="runScenario" description="Runs Cucumber Scenarios" data-provider="scenarios" finished-at="2025-02-03T19:35:10 CST" duration-ms="2900" status="PASS">
          <params>
            <param index="0">
              <value>
                <![CDATA["Login scenario with different sets of data"]]>
              </value>
            </param>
            <param index="1">
              <value>
                <![CDATA["Sign in"]]>
              </value>
            </param>
          </params>
          <reporter-output>
          </reporter-output>
        </test-method> <!-- runScenario -->
        <test-method signature="runScenario(io.cucumber.testng.PickleWrapper,io.cucumber.testng.FeatureWrapper)[pri:0, instance:testRunners.TestRunner@42e25b0b]" started-at="2025-02-03T19:35:10 CST" name="runScenario" description="Runs Cucumber Scenarios" data-provider="scenarios" finished-at="2025-02-03T19:35:13 CST" duration-ms="3238" status="PASS">
          <params>
            <param index="0">
              <value>
                <![CDATA["Login scenario with different sets of data"]]>
              </value>
            </param>
            <param index="1">
              <value>
                <![CDATA["Sign in"]]>
              </value>
            </param>
          </params>
          <reporter-output>
          </reporter-output>
        </test-method> <!-- runScenario -->
        <test-method signature="runScenario(io.cucumber.testng.PickleWrapper,io.cucumber.testng.FeatureWrapper)[pri:0, instance:testRunners.TestRunner@42e25b0b]" started-at="2025-02-03T19:35:13 CST" name="runScenario" description="Runs Cucumber Scenarios" data-provider="scenarios" finished-at="2025-02-03T19:35:14 CST" duration-ms="602" status="PASS">
          <params>
            <param index="0">
              <value>
                <![CDATA["Verify that user is able to navigate to Queue data structure page"]]>
              </value>
            </param>
            <param index="1">
              <value>
                <![CDATA["Home Navigation"]]>
              </value>
            </param>
          </params>
          <reporter-output>
          </reporter-output>
        </test-method> <!-- runScenario -->
        <test-method signature="runScenario(io.cucumber.testng.PickleWrapper,io.cucumber.testng.FeatureWrapper)[pri:0, instance:testRunners.TestRunner@42e25b0b]" started-at="2025-02-03T19:35:14 CST" name="runScenario" description="Runs Cucumber Scenarios" data-provider="scenarios" finished-at="2025-02-03T19:35:15 CST" duration-ms="1834" status="PASS">
          <params>
            <param index="0">
              <value>
                <![CDATA["Verify that user is able to navigate to Implementation of Queue in Python page"]]>
              </value>
            </param>
            <param index="1">
              <value>
                <![CDATA["Home Navigation"]]>
              </value>
            </param>
          </params>
          <reporter-output>
          </reporter-output>
        </test-method> <!-- runScenario -->
        <test-method signature="runScenario(io.cucumber.testng.PickleWrapper,io.cucumber.testng.FeatureWrapper)[pri:0, instance:testRunners.TestRunner@42e25b0b]" started-at="2025-02-03T19:35:15 CST" name="runScenario" description="Runs Cucumber Scenarios" data-provider="scenarios" finished-at="2025-02-03T19:35:17 CST" duration-ms="1305" status="PASS">
          <params>
            <param index="0">
              <value>
                <![CDATA["Verify that user is able to navigate to try Editor page for Implementation of Queue in Python page"]]>
              </value>
            </param>
            <param index="1">
              <value>
                <![CDATA["Home Navigation"]]>
              </value>
            </param>
          </params>
          <reporter-output>
          </reporter-output>
        </test-method> <!-- runScenario -->
        <test-method signature="runScenario(io.cucumber.testng.PickleWrapper,io.cucumber.testng.FeatureWrapper)[pri:0, instance:testRunners.TestRunner@42e25b0b]" started-at="2025-02-03T19:35:17 CST" name="runScenario" description="Runs Cucumber Scenarios" data-provider="scenarios" finished-at="2025-02-03T19:35:17 CST" duration-ms="265" status="PASS">
          <params>
            <param index="0">
              <value>
                <![CDATA["Output Testing with different sets of invalid data in Implementation of Queue in Python"]]>
              </value>
            </param>
            <param index="1">
              <value>
                <![CDATA["Home Navigation"]]>
              </value>
            </param>
          </params>
          <reporter-output>
          </reporter-output>
        </test-method> <!-- runScenario -->
        <test-method signature="runScenario(io.cucumber.testng.PickleWrapper,io.cucumber.testng.FeatureWrapper)[pri:0, instance:testRunners.TestRunner@42e25b0b]" started-at="2025-02-03T19:35:17 CST" name="runScenario" description="Runs Cucumber Scenarios" data-provider="scenarios" finished-at="2025-02-03T19:35:17 CST" duration-ms="283" status="PASS">
          <params>
            <param index="0">
              <value>
                <![CDATA["Output Testing with different sets of invalid data in Implementation of Queue in Python"]]>
              </value>
            </param>
            <param index="1">
              <value>
                <![CDATA["Home Navigation"]]>
              </value>
            </param>
          </params>
          <reporter-output>
          </reporter-output>
        </test-method> <!-- runScenario -->
        <test-method signature="runScenario(io.cucumber.testng.PickleWrapper,io.cucumber.testng.FeatureWrapper)[pri:0, instance:testRunners.TestRunner@42e25b0b]" started-at="2025-02-03T19:35:17 CST" name="runScenario" description="Runs Cucumber Scenarios" data-provider="scenarios" finished-at="2025-02-03T19:35:18 CST" duration-ms="280" status="PASS">
          <params>
            <param index="0">
              <value>
                <![CDATA["Output Testing with different sets of valid data Implementation of Queue in Python"]]>
              </value>
            </param>
            <param index="1">
              <value>
                <![CDATA["Home Navigation"]]>
              </value>
            </param>
          </params>
          <reporter-output>
          </reporter-output>
        </test-method> <!-- runScenario -->
        <test-method signature="runScenario(io.cucumber.testng.PickleWrapper,io.cucumber.testng.FeatureWrapper)[pri:0, instance:testRunners.TestRunner@42e25b0b]" started-at="2025-02-03T19:35:18 CST" name="runScenario" description="Runs Cucumber Scenarios" data-provider="scenarios" finished-at="2025-02-03T19:35:20 CST" duration-ms="2200" status="PASS">
          <params>
            <param index="0">
              <value>
                <![CDATA["Verify that the user shoud be back to Implementation of Queue in Python page"]]>
              </value>
            </param>
            <param index="1">
              <value>
                <![CDATA["Home Navigation"]]>
              </value>
            </param>
          </params>
          <reporter-output>
          </reporter-output>
        </test-method> <!-- runScenario -->
        <test-method signature="runScenario(io.cucumber.testng.PickleWrapper,io.cucumber.testng.FeatureWrapper)[pri:0, instance:testRunners.TestRunner@42e25b0b]" started-at="2025-02-03T19:35:20 CST" name="runScenario" description="Runs Cucumber Scenarios" data-provider="scenarios" finished-at="2025-02-03T19:35:22 CST" duration-ms="2146" status="PASS">
          <params>
            <param index="0">
              <value>
                <![CDATA["Verify that user is able to navigate to Implementation using collections.deque page"]]>
              </value>
            </param>
            <param index="1">
              <value>
                <![CDATA["Home Navigation"]]>
              </value>
            </param>
          </params>
          <reporter-output>
          </reporter-output>
        </test-method> <!-- runScenario -->
        <test-method signature="runScenario(io.cucumber.testng.PickleWrapper,io.cucumber.testng.FeatureWrapper)[pri:0, instance:testRunners.TestRunner@42e25b0b]" started-at="2025-02-03T19:35:22 CST" name="runScenario" description="Runs Cucumber Scenarios" data-provider="scenarios" finished-at="2025-02-03T19:35:23 CST" duration-ms="892" status="PASS">
          <params>
            <param index="0">
              <value>
                <![CDATA["Verify that user is able to navigate to try Editor page for Implementation using collections.deque page page"]]>
              </value>
            </param>
            <param index="1">
              <value>
                <![CDATA["Home Navigation"]]>
              </value>
            </param>
          </params>
          <reporter-output>
          </reporter-output>
        </test-method> <!-- runScenario -->
        <test-method signature="runScenario(io.cucumber.testng.PickleWrapper,io.cucumber.testng.FeatureWrapper)[pri:0, instance:testRunners.TestRunner@42e25b0b]" started-at="2025-02-03T19:35:23 CST" name="runScenario" description="Runs Cucumber Scenarios" data-provider="scenarios" finished-at="2025-02-03T19:35:23 CST" duration-ms="269" status="PASS">
          <params>
            <param index="0">
              <value>
                <![CDATA["Output Testing with different sets of invalid data in Implementation using collections.deque page page"]]>
              </value>
            </param>
            <param index="1">
              <value>
                <![CDATA["Home Navigation"]]>
              </value>
            </param>
          </params>
          <reporter-output>
          </reporter-output>
        </test-method> <!-- runScenario -->
        <test-method signature="runScenario(io.cucumber.testng.PickleWrapper,io.cucumber.testng.FeatureWrapper)[pri:0, instance:testRunners.TestRunner@42e25b0b]" started-at="2025-02-03T19:35:23 CST" name="runScenario" description="Runs Cucumber Scenarios" data-provider="scenarios" finished-at="2025-02-03T19:35:23 CST" duration-ms="253" status="PASS">
          <params>
            <param index="0">
              <value>
                <![CDATA["Output Testing with different sets of invalid data in Implementation using collections.deque page page"]]>
              </value>
            </param>
            <param index="1">
              <value>
                <![CDATA["Home Navigation"]]>
              </value>
            </param>
          </params>
          <reporter-output>
          </reporter-output>
        </test-method> <!-- runScenario -->
        <test-method signature="runScenario(io.cucumber.testng.PickleWrapper,io.cucumber.testng.FeatureWrapper)[pri:0, instance:testRunners.TestRunner@42e25b0b]" started-at="2025-02-03T19:35:23 CST" name="runScenario" description="Runs Cucumber Scenarios" data-provider="scenarios" finished-at="2025-02-03T19:35:24 CST" duration-ms="267" status="PASS">
          <params>
            <param index="0">
              <value>
                <![CDATA["Output Testing with different sets of valid data in Implementation using collections.deque page page"]]>
              </value>
            </param>
            <param index="1">
              <value>
                <![CDATA["Home Navigation"]]>
              </value>
            </param>
          </params>
          <reporter-output>
          </reporter-output>
        </test-method> <!-- runScenario -->
        <test-method signature="runScenario(io.cucumber.testng.PickleWrapper,io.cucumber.testng.FeatureWrapper)[pri:0, instance:testRunners.TestRunner@42e25b0b]" started-at="2025-02-03T19:35:24 CST" name="runScenario" description="Runs Cucumber Scenarios" data-provider="scenarios" finished-at="2025-02-03T19:35:26 CST" duration-ms="2342" status="PASS">
          <params>
            <param index="0">
              <value>
                <![CDATA["Verify that the user shoud be back to Implementation using collections.deque page"]]>
              </value>
            </param>
            <param index="1">
              <value>
                <![CDATA["Home Navigation"]]>
              </value>
            </param>
          </params>
          <reporter-output>
          </reporter-output>
        </test-method> <!-- runScenario -->
        <test-method signature="runScenario(io.cucumber.testng.PickleWrapper,io.cucumber.testng.FeatureWrapper)[pri:0, instance:testRunners.TestRunner@42e25b0b]" started-at="2025-02-03T19:35:26 CST" name="runScenario" description="Runs Cucumber Scenarios" data-provider="scenarios" finished-at="2025-02-03T19:35:28 CST" duration-ms="2398" status="PASS">
          <params>
            <param index="0">
              <value>
                <![CDATA["Verify that user is able to navigate to Implementation using array page"]]>
              </value>
            </param>
            <param index="1">
              <value>
                <![CDATA["Home Navigation"]]>
              </value>
            </param>
          </params>
          <reporter-output>
          </reporter-output>
        </test-method> <!-- runScenario -->
        <test-method signature="runScenario(io.cucumber.testng.PickleWrapper,io.cucumber.testng.FeatureWrapper)[pri:0, instance:testRunners.TestRunner@42e25b0b]" started-at="2025-02-03T19:35:28 CST" name="runScenario" description="Runs Cucumber Scenarios" data-provider="scenarios" finished-at="2025-02-03T19:35:29 CST" duration-ms="937" status="PASS">
          <params>
            <param index="0">
              <value>
                <![CDATA["Verify that user is able to navigate to try Editor page for Implementation using array page"]]>
              </value>
            </param>
            <param index="1">
              <value>
                <![CDATA["Home Navigation"]]>
              </value>
            </param>
          </params>
          <reporter-output>
          </reporter-output>
        </test-method> <!-- runScenario -->
        <test-method signature="runScenario(io.cucumber.testng.PickleWrapper,io.cucumber.testng.FeatureWrapper)[pri:0, instance:testRunners.TestRunner@42e25b0b]" started-at="2025-02-03T19:35:29 CST" name="runScenario" description="Runs Cucumber Scenarios" data-provider="scenarios" finished-at="2025-02-03T19:35:30 CST" duration-ms="352" status="PASS">
          <params>
            <param index="0">
              <value>
                <![CDATA["Output Testing with different sets of invalid data in Implementation using array page"]]>
              </value>
            </param>
            <param index="1">
              <value>
                <![CDATA["Home Navigation"]]>
              </value>
            </param>
          </params>
          <reporter-output>
          </reporter-output>
        </test-method> <!-- runScenario -->
        <test-method signature="runScenario(io.cucumber.testng.PickleWrapper,io.cucumber.testng.FeatureWrapper)[pri:0, instance:testRunners.TestRunner@42e25b0b]" started-at="2025-02-03T19:35:30 CST" name="runScenario" description="Runs Cucumber Scenarios" data-provider="scenarios" finished-at="2025-02-03T19:35:30 CST" duration-ms="304" status="PASS">
          <params>
            <param index="0">
              <value>
                <![CDATA["Output Testing with different sets of invalid data in Implementation using array page"]]>
              </value>
            </param>
            <param index="1">
              <value>
                <![CDATA["Home Navigation"]]>
              </value>
            </param>
          </params>
          <reporter-output>
          </reporter-output>
        </test-method> <!-- runScenario -->
        <test-method signature="runScenario(io.cucumber.testng.PickleWrapper,io.cucumber.testng.FeatureWrapper)[pri:0, instance:testRunners.TestRunner@42e25b0b]" started-at="2025-02-03T19:35:30 CST" name="runScenario" description="Runs Cucumber Scenarios" data-provider="scenarios" finished-at="2025-02-03T19:35:30 CST" duration-ms="280" status="PASS">
          <params>
            <param index="0">
              <value>
                <![CDATA["Output Testing with different sets of valid data in Implementation using array page"]]>
              </value>
            </param>
            <param index="1">
              <value>
                <![CDATA["Home Navigation"]]>
              </value>
            </param>
          </params>
          <reporter-output>
          </reporter-output>
        </test-method> <!-- runScenario -->
        <test-method signature="runScenario(io.cucumber.testng.PickleWrapper,io.cucumber.testng.FeatureWrapper)[pri:0, instance:testRunners.TestRunner@42e25b0b]" started-at="2025-02-03T19:35:30 CST" name="runScenario" description="Runs Cucumber Scenarios" data-provider="scenarios" finished-at="2025-02-03T19:35:33 CST" duration-ms="2978" status="PASS">
          <params>
            <param index="0">
              <value>
                <![CDATA["Verify that the user shoud be back to Implementation using array page"]]>
              </value>
            </param>
            <param index="1">
              <value>
                <![CDATA["Home Navigation"]]>
              </value>
            </param>
          </params>
          <reporter-output>
          </reporter-output>
        </test-method> <!-- runScenario -->
        <test-method signature="runScenario(io.cucumber.testng.PickleWrapper,io.cucumber.testng.FeatureWrapper)[pri:0, instance:testRunners.TestRunner@42e25b0b]" started-at="2025-02-03T19:35:33 CST" name="runScenario" description="Runs Cucumber Scenarios" data-provider="scenarios" finished-at="2025-02-03T19:35:36 CST" duration-ms="2361" status="PASS">
          <params>
            <param index="0">
              <value>
                <![CDATA["Verify that user is able to navigate to Queue Operations page"]]>
              </value>
            </param>
            <param index="1">
              <value>
                <![CDATA["Home Navigation"]]>
              </value>
            </param>
          </params>
          <reporter-output>
          </reporter-output>
        </test-method> <!-- runScenario -->
        <test-method signature="runScenario(io.cucumber.testng.PickleWrapper,io.cucumber.testng.FeatureWrapper)[pri:0, instance:testRunners.TestRunner@42e25b0b]" started-at="2025-02-03T19:35:36 CST" name="runScenario" description="Runs Cucumber Scenarios" data-provider="scenarios" finished-at="2025-02-03T19:35:37 CST" duration-ms="1829" status="PASS">
          <params>
            <param index="0">
              <value>
                <![CDATA["Verify that user is able to navigate to Stack data structure page"]]>
              </value>
            </param>
            <param index="1">
              <value>
                <![CDATA["Stack Data Structure Navigation"]]>
              </value>
            </param>
          </params>
          <reporter-output>
          </reporter-output>
        </test-method> <!-- runScenario -->
        <test-method signature="runScenario(io.cucumber.testng.PickleWrapper,io.cucumber.testng.FeatureWrapper)[pri:0, instance:testRunners.TestRunner@42e25b0b]" started-at="2025-02-03T19:35:37 CST" name="runScenario" description="Runs Cucumber Scenarios" data-provider="scenarios" finished-at="2025-02-03T19:35:40 CST" duration-ms="2619" status="PASS">
          <params>
            <param index="0">
              <value>
                <![CDATA["Verify that user is able to navigate to Operations in Stack page"]]>
              </value>
            </param>
            <param index="1">
              <value>
                <![CDATA["Stack Data Structure Navigation"]]>
              </value>
            </param>
          </params>
          <reporter-output>
          </reporter-output>
        </test-method> <!-- runScenario -->
        <test-method signature="runScenario(io.cucumber.testng.PickleWrapper,io.cucumber.testng.FeatureWrapper)[pri:0, instance:testRunners.TestRunner@42e25b0b]" started-at="2025-02-03T19:35:40 CST" name="runScenario" description="Runs Cucumber Scenarios" data-provider="scenarios" finished-at="2025-02-03T19:35:42 CST" duration-ms="2300" status="PASS">
          <params>
            <param index="0">
              <value>
                <![CDATA["Verify that user is able to navigate to try Editor page for Operations in Stack page"]]>
              </value>
            </param>
            <param index="1">
              <value>
                <![CDATA["Stack Data Structure Navigation"]]>
              </value>
            </param>
          </params>
          <reporter-output>
          </reporter-output>
        </test-method> <!-- runScenario -->
        <test-method signature="runScenario(io.cucumber.testng.PickleWrapper,io.cucumber.testng.FeatureWrapper)[pri:0, instance:testRunners.TestRunner@42e25b0b]" started-at="2025-02-03T19:35:42 CST" name="runScenario" description="Runs Cucumber Scenarios" data-provider="scenarios" finished-at="2025-02-03T19:35:43 CST" duration-ms="296" status="PASS">
          <params>
            <param index="0">
              <value>
                <![CDATA["Output Testing with different sets of invalid data in Operations in Stack page"]]>
              </value>
            </param>
            <param index="1">
              <value>
                <![CDATA["Stack Data Structure Navigation"]]>
              </value>
            </param>
          </params>
          <reporter-output>
          </reporter-output>
        </test-method> <!-- runScenario -->
        <test-method signature="runScenario(io.cucumber.testng.PickleWrapper,io.cucumber.testng.FeatureWrapper)[pri:0, instance:testRunners.TestRunner@42e25b0b]" started-at="2025-02-03T19:35:43 CST" name="runScenario" description="Runs Cucumber Scenarios" data-provider="scenarios" finished-at="2025-02-03T19:35:43 CST" duration-ms="334" status="PASS">
          <params>
            <param index="0">
              <value>
                <![CDATA["Output Testing with different sets of invalid data in Operations in Stack page"]]>
              </value>
            </param>
            <param index="1">
              <value>
                <![CDATA["Stack Data Structure Navigation"]]>
              </value>
            </param>
          </params>
          <reporter-output>
          </reporter-output>
        </test-method> <!-- runScenario -->
        <test-method signature="runScenario(io.cucumber.testng.PickleWrapper,io.cucumber.testng.FeatureWrapper)[pri:0, instance:testRunners.TestRunner@42e25b0b]" started-at="2025-02-03T19:35:43 CST" name="runScenario" description="Runs Cucumber Scenarios" data-provider="scenarios" finished-at="2025-02-03T19:35:43 CST" duration-ms="297" status="PASS">
          <params>
            <param index="0">
              <value>
                <![CDATA["Output Testing with different sets of valid data Operations in Stack page"]]>
              </value>
            </param>
            <param index="1">
              <value>
                <![CDATA["Stack Data Structure Navigation"]]>
              </value>
            </param>
          </params>
          <reporter-output>
          </reporter-output>
        </test-method> <!-- runScenario -->
        <test-method signature="runScenario(io.cucumber.testng.PickleWrapper,io.cucumber.testng.FeatureWrapper)[pri:0, instance:testRunners.TestRunner@42e25b0b]" started-at="2025-02-03T19:35:43 CST" name="runScenario" description="Runs Cucumber Scenarios" data-provider="scenarios" finished-at="2025-02-03T19:35:46 CST" duration-ms="2729" status="PASS">
          <params>
            <param index="0">
              <value>
                <![CDATA["Verify that the user shoud be back to Operations in Stack page"]]>
              </value>
            </param>
            <param index="1">
              <value>
                <![CDATA["Stack Data Structure Navigation"]]>
              </value>
            </param>
          </params>
          <reporter-output>
          </reporter-output>
        </test-method> <!-- runScenario -->
        <test-method signature="runScenario(io.cucumber.testng.PickleWrapper,io.cucumber.testng.FeatureWrapper)[pri:0, instance:testRunners.TestRunner@42e25b0b]" started-at="2025-02-03T19:35:46 CST" name="runScenario" description="Runs Cucumber Scenarios" data-provider="scenarios" finished-at="2025-02-03T19:35:49 CST" duration-ms="2614" status="PASS">
          <params>
            <param index="0">
              <value>
                <![CDATA["Verify that user is able to navigate to Implementation page"]]>
              </value>
            </param>
            <param index="1">
              <value>
                <![CDATA["Stack Data Structure Navigation"]]>
              </value>
            </param>
          </params>
          <reporter-output>
          </reporter-output>
        </test-method> <!-- runScenario -->
        <test-method signature="runScenario(io.cucumber.testng.PickleWrapper,io.cucumber.testng.FeatureWrapper)[pri:0, instance:testRunners.TestRunner@42e25b0b]" started-at="2025-02-03T19:35:49 CST" name="runScenario" description="Runs Cucumber Scenarios" data-provider="scenarios" finished-at="2025-02-03T19:35:50 CST" duration-ms="1082" status="PASS">
          <params>
            <param index="0">
              <value>
                <![CDATA["Verify that user is able to navigate to try Editor page for Implementation page"]]>
              </value>
            </param>
            <param index="1">
              <value>
                <![CDATA["Stack Data Structure Navigation"]]>
              </value>
            </param>
          </params>
          <reporter-output>
          </reporter-output>
        </test-method> <!-- runScenario -->
        <test-method signature="runScenario(io.cucumber.testng.PickleWrapper,io.cucumber.testng.FeatureWrapper)[pri:0, instance:testRunners.TestRunner@42e25b0b]" started-at="2025-02-03T19:35:50 CST" name="runScenario" description="Runs Cucumber Scenarios" data-provider="scenarios" finished-at="2025-02-03T19:35:50 CST" duration-ms="311" status="PASS">
          <params>
            <param index="0">
              <value>
                <![CDATA["Output Testing with different sets of invalid data in Implementation page"]]>
              </value>
            </param>
            <param index="1">
              <value>
                <![CDATA["Stack Data Structure Navigation"]]>
              </value>
            </param>
          </params>
          <reporter-output>
          </reporter-output>
        </test-method> <!-- runScenario -->
        <test-method signature="runScenario(io.cucumber.testng.PickleWrapper,io.cucumber.testng.FeatureWrapper)[pri:0, instance:testRunners.TestRunner@42e25b0b]" started-at="2025-02-03T19:35:50 CST" name="runScenario" description="Runs Cucumber Scenarios" data-provider="scenarios" finished-at="2025-02-03T19:35:50 CST" duration-ms="325" status="PASS">
          <params>
            <param index="0">
              <value>
                <![CDATA["Output Testing with different sets of invalid data in Implementation page"]]>
              </value>
            </param>
            <param index="1">
              <value>
                <![CDATA["Stack Data Structure Navigation"]]>
              </value>
            </param>
          </params>
          <reporter-output>
          </reporter-output>
        </test-method> <!-- runScenario -->
        <test-method signature="runScenario(io.cucumber.testng.PickleWrapper,io.cucumber.testng.FeatureWrapper)[pri:0, instance:testRunners.TestRunner@42e25b0b]" started-at="2025-02-03T19:35:50 CST" name="runScenario" description="Runs Cucumber Scenarios" data-provider="scenarios" finished-at="2025-02-03T19:35:51 CST" duration-ms="295" status="PASS">
          <params>
            <param index="0">
              <value>
                <![CDATA["Output Testing with different sets of valid data in Implementation page"]]>
              </value>
            </param>
            <param index="1">
              <value>
                <![CDATA["Stack Data Structure Navigation"]]>
              </value>
            </param>
          </params>
          <reporter-output>
          </reporter-output>
        </test-method> <!-- runScenario -->
        <test-method signature="runScenario(io.cucumber.testng.PickleWrapper,io.cucumber.testng.FeatureWrapper)[pri:0, instance:testRunners.TestRunner@42e25b0b]" started-at="2025-02-03T19:35:51 CST" name="runScenario" description="Runs Cucumber Scenarios" data-provider="scenarios" finished-at="2025-02-03T19:35:54 CST" duration-ms="3313" status="PASS">
          <params>
            <param index="0">
              <value>
                <![CDATA["Verify that the user shoud be back to Implementation page"]]>
              </value>
            </param>
            <param index="1">
              <value>
                <![CDATA["Stack Data Structure Navigation"]]>
              </value>
            </param>
          </params>
          <reporter-output>
          </reporter-output>
        </test-method> <!-- runScenario -->
        <test-method signature="runScenario(io.cucumber.testng.PickleWrapper,io.cucumber.testng.FeatureWrapper)[pri:0, instance:testRunners.TestRunner@42e25b0b]" started-at="2025-02-03T19:35:54 CST" name="runScenario" description="Runs Cucumber Scenarios" data-provider="scenarios" finished-at="2025-02-03T19:35:55 CST" duration-ms="1395" status="PASS">
          <params>
            <param index="0">
              <value>
                <![CDATA["Verify that user is able to navigate to Applications page"]]>
              </value>
            </param>
            <param index="1">
              <value>
                <![CDATA["Stack Data Structure Navigation"]]>
              </value>
            </param>
          </params>
          <reporter-output>
          </reporter-output>
        </test-method> <!-- runScenario -->
        <test-method signature="runScenario(io.cucumber.testng.PickleWrapper,io.cucumber.testng.FeatureWrapper)[pri:0, instance:testRunners.TestRunner@42e25b0b]" started-at="2025-02-03T19:35:55 CST" name="runScenario" description="Runs Cucumber Scenarios" data-provider="scenarios" finished-at="2025-02-03T19:35:56 CST" duration-ms="697" status="PASS">
          <params>
            <param index="0">
              <value>
                <![CDATA["Verify that user is able to navigate to try Editor page for Applications page"]]>
              </value>
            </param>
            <param index="1">
              <value>
                <![CDATA["Stack Data Structure Navigation"]]>
              </value>
            </param>
          </params>
          <reporter-output>
          </reporter-output>
        </test-method> <!-- runScenario -->
        <test-method signature="runScenario(io.cucumber.testng.PickleWrapper,io.cucumber.testng.FeatureWrapper)[pri:0, instance:testRunners.TestRunner@42e25b0b]" started-at="2025-02-03T19:35:56 CST" name="runScenario" description="Runs Cucumber Scenarios" data-provider="scenarios" finished-at="2025-02-03T19:35:56 CST" duration-ms="263" status="PASS">
          <params>
            <param index="0">
              <value>
                <![CDATA["Output Testing with different sets of invalid data in Applications page"]]>
              </value>
            </param>
            <param index="1">
              <value>
                <![CDATA["Stack Data Structure Navigation"]]>
              </value>
            </param>
          </params>
          <reporter-output>
          </reporter-output>
        </test-method> <!-- runScenario -->
        <test-method signature="runScenario(io.cucumber.testng.PickleWrapper,io.cucumber.testng.FeatureWrapper)[pri:0, instance:testRunners.TestRunner@42e25b0b]" started-at="2025-02-03T19:35:56 CST" name="runScenario" description="Runs Cucumber Scenarios" data-provider="scenarios" finished-at="2025-02-03T19:35:57 CST" duration-ms="120" status="PASS">
          <params>
            <param index="0">
              <value>
                <![CDATA["Output Testing with different sets of invalid data in Applications page"]]>
              </value>
            </param>
            <param index="1">
              <value>
                <![CDATA["Stack Data Structure Navigation"]]>
              </value>
            </param>
          </params>
          <reporter-output>
          </reporter-output>
        </test-method> <!-- runScenario -->
        <test-method signature="runScenario(io.cucumber.testng.PickleWrapper,io.cucumber.testng.FeatureWrapper)[pri:0, instance:testRunners.TestRunner@42e25b0b]" started-at="2025-02-03T19:35:57 CST" name="runScenario" description="Runs Cucumber Scenarios" data-provider="scenarios" finished-at="2025-02-03T19:35:57 CST" duration-ms="345" status="PASS">
          <params>
            <param index="0">
              <value>
                <![CDATA["Output Testing with different sets of valid data in Applications page"]]>
              </value>
            </param>
            <param index="1">
              <value>
                <![CDATA["Stack Data Structure Navigation"]]>
              </value>
            </param>
          </params>
          <reporter-output>
          </reporter-output>
        </test-method> <!-- runScenario -->
        <test-method signature="runScenario(io.cucumber.testng.PickleWrapper,io.cucumber.testng.FeatureWrapper)[pri:0, instance:testRunners.TestRunner@42e25b0b]" started-at="2025-02-03T19:35:57 CST" name="runScenario" description="Runs Cucumber Scenarios" data-provider="scenarios" finished-at="2025-02-03T19:35:58 CST" duration-ms="1630" status="PASS">
          <params>
            <param index="0">
              <value>
                <![CDATA["Verify that the user shoud be back to Applications page"]]>
              </value>
            </param>
            <param index="1">
              <value>
                <![CDATA["Stack Data Structure Navigation"]]>
              </value>
            </param>
          </params>
          <reporter-output>
          </reporter-output>
        </test-method> <!-- runScenario -->
        <test-method is-config="true" signature="tearDown()[pri:0, instance:testRunners.TestRunner@42e25b0b]" started-at="2025-02-03T19:35:59 CST" name="tearDown" finished-at="2025-02-03T19:35:59 CST" duration-ms="465" status="PASS">
          <reporter-output>
          </reporter-output>
        </test-method> <!-- tearDown -->
        <test-method is-config="true" signature="tearDownClass()[pri:0, instance:testRunners.TestRunner@42e25b0b]" started-at="2025-02-03T19:35:59 CST" name="tearDownClass" finished-at="2025-02-03T19:35:59 CST" duration-ms="55" status="PASS">
          <reporter-output>
          </reporter-output>
        </test-method> <!-- tearDownClass -->
      </class> <!-- testRunners.TestRunner -->
    </test> <!-- Default test -->
  </suite> <!-- Default suite -->
</testng-results>
